 
 -------------- celery@MacBook-Pro-de-Lina.local v5.4.0 (opalescent)
--- ***** ----- 
-- ******* ---- macOS-15.1.1-arm64-arm-64bit-Mach-O 2025-03-09 00:41:06
- *** --- * --- 
- ** ---------- [config]
- ** ---------- .> app:         water:0x107b0bb60
- ** ---------- .> transport:   redis://localhost:6379/0
- ** ---------- .> results:     redis://localhost:6379/0
- *** --- * --- .> concurrency: 11 (prefork)
-- ******* ---- .> task events: OFF (enable -E to monitor tasks in this worker)
--- ***** ----- 
 -------------- [queues]
                .> celery           exchange=celery(direct) key=celery
                

[tasks]
  . startapp.tasks.arimaForecasting
  . startapp.tasks.linearRegression
  . startapp.tasks.randomForestRegression

[2025-03-09 00:41:07,775: INFO/MainProcess] Connected to redis://localhost:6379/0
[2025-03-09 00:41:07,781: INFO/MainProcess] mingle: searching for neighbors
[2025-03-09 00:41:08,795: INFO/MainProcess] mingle: all alone
[2025-03-09 00:41:08,809: INFO/MainProcess] celery@MacBook-Pro-de-Lina.local ready.
[2025-03-09 00:41:37,739: INFO/MainProcess] Task startapp.tasks.randomForestRegression[b53061f0-f081-4ea1-8da1-0f69af81baf7] received
[2025-03-09 00:41:38,056: WARNING/ForkPoolWorker-8] /Users/linaboulahya/infof308/startapp/tasks.py:38: SettingWithCopyWarning: 
A value is trying to be set on a copy of a slice from a DataFrame.
Try using .loc[row_indexer,col_indexer] = value instead

See the caveats in the documentation: https://pandas.pydata.org/pandas-docs/stable/user_guide/indexing.html#returning-a-view-versus-a-copy
  df_filtered['phenomenonTimeReferenceYear'] = pd.to_datetime(df_filtered['phenomenonTimeReferenceYear'], format='%Y')

[2025-03-09 00:41:38,057: WARNING/ForkPoolWorker-8] /Users/linaboulahya/infof308/startapp/tasks.py:39: SettingWithCopyWarning: 
A value is trying to be set on a copy of a slice from a DataFrame.
Try using .loc[row_indexer,col_indexer] = value instead

See the caveats in the documentation: https://pandas.pydata.org/pandas-docs/stable/user_guide/indexing.html#returning-a-view-versus-a-copy
  df_filtered['phenomenonTimeReferenceYear'] = df_filtered['phenomenonTimeReferenceYear'].dt.year

[2025-03-09 00:41:38,124: INFO/ForkPoolWorker-8] Task startapp.tasks.randomForestRegression[b53061f0-f081-4ea1-8da1-0f69af81baf7] succeeded in 0.38366791699809255s: {'country': 'Albanie', 'observedProperty': 'Alkalinity', 'model': 'Régression par Forêt Aléatoire', 'parameters': {'n_estimators': {'value': 100, 'type': 'slider', 'min': 10, 'max': 500, 'step': 10, 'label': 'Nombre d\'estimateurs'}, 'max_depth': {'value': 1, 'type': 'slider', 'min': 1, 'max': 50, 'step': 1, 'label': 'Profondeur maximale'}}, 'series': [{'name': 'Données observées', 'type': 'scatter', 'data': [...]}, {'name': 'Droite de régression', 'type': 'line', 'data': [...]}, {'name': 'Prédictions futures', 'type': 'scatter', 'data': [...]}], 'metrics': {'r_squared': 0.6335875701553231, 'mean_absolute_error': 23.131898563218414, 'mean_squared_error': 640.831380085593, 'root_mean_squared_error': 25.314647540220523}}

worker: Hitting Ctrl+C again will terminate all running tasks!

worker: Warm shutdown (MainProcess)
 
 -------------- celery@MacBook-Pro-de-Lina.local v5.4.0 (opalescent)
--- ***** ----- 
-- ******* ---- macOS-15.1.1-arm64-arm-64bit-Mach-O 2025-03-09 17:25:47
- *** --- * --- 
- ** ---------- [config]
- ** ---------- .> app:         water:0x102fc7b60
- ** ---------- .> transport:   redis://localhost:6379/0
- ** ---------- .> results:     redis://localhost:6379/0
- *** --- * --- .> concurrency: 11 (prefork)
-- ******* ---- .> task events: OFF (enable -E to monitor tasks in this worker)
--- ***** ----- 
 -------------- [queues]
                .> celery           exchange=celery(direct) key=celery
                

[tasks]
  . startapp.tasks.arimaForecasting
  . startapp.tasks.linearRegression
  . startapp.tasks.randomForestRegression

[2025-03-09 17:25:48,069: INFO/MainProcess] Connected to redis://localhost:6379/0
[2025-03-09 17:25:48,077: INFO/MainProcess] mingle: searching for neighbors
[2025-03-09 17:25:49,095: INFO/MainProcess] mingle: all alone
[2025-03-09 17:25:49,136: INFO/MainProcess] celery@MacBook-Pro-de-Lina.local ready.
 
 -------------- celery@MacBook-Pro-de-Lina.local v5.4.0 (opalescent)
--- ***** ----- 
-- ******* ---- macOS-15.1.1-arm64-arm-64bit-Mach-O 2025-03-09 18:34:29
- *** --- * --- 
- ** ---------- [config]
- ** ---------- .> app:         water:0x10510bb60
- ** ---------- .> transport:   redis://localhost:6379/0
- ** ---------- .> results:     redis://localhost:6379/0
- *** --- * --- .> concurrency: 11 (prefork)
-- ******* ---- .> task events: OFF (enable -E to monitor tasks in this worker)
--- ***** ----- 
 -------------- [queues]
                .> celery           exchange=celery(direct) key=celery
                

[tasks]
  . startapp.tasks.arimaForecasting
  . startapp.tasks.linearRegression
  . startapp.tasks.randomForestRegression

[2025-03-09 18:34:29,712: INFO/MainProcess] Connected to redis://localhost:6379/0
[2025-03-09 18:34:29,717: INFO/MainProcess] mingle: searching for neighbors
[2025-03-09 18:34:30,727: INFO/MainProcess] mingle: all alone
[2025-03-09 18:34:30,760: INFO/MainProcess] celery@MacBook-Pro-de-Lina.local ready.
 
 -------------- celery@MacBook-Pro-de-Lina.local v5.4.0 (opalescent)
--- ***** ----- 
-- ******* ---- macOS-15.1.1-arm64-arm-64bit-Mach-O 2025-03-09 18:35:02
- *** --- * --- 
- ** ---------- [config]
- ** ---------- .> app:         water:0x10a90bb60
- ** ---------- .> transport:   redis://localhost:6379/0
- ** ---------- .> results:     redis://localhost:6379/0
- *** --- * --- .> concurrency: 11 (prefork)
-- ******* ---- .> task events: OFF (enable -E to monitor tasks in this worker)
--- ***** ----- 
 -------------- [queues]
                .> celery           exchange=celery(direct) key=celery
                

[tasks]
  . startapp.tasks.arimaForecasting
  . startapp.tasks.linearRegression
  . startapp.tasks.randomForestRegression

[2025-03-09 18:35:03,871: INFO/MainProcess] Connected to redis://localhost:6379/0
[2025-03-09 18:35:03,879: INFO/MainProcess] mingle: searching for neighbors
[2025-03-09 18:35:04,890: INFO/MainProcess] mingle: all alone
[2025-03-09 18:35:04,906: INFO/MainProcess] celery@MacBook-Pro-de-Lina.local ready.
 
 -------------- celery@MacBook-Pro-de-Lina.local v5.4.0 (opalescent)
--- ***** ----- 
-- ******* ---- macOS-15.1.1-arm64-arm-64bit-Mach-O 2025-03-09 18:35:29
- *** --- * --- 
- ** ---------- [config]
- ** ---------- .> app:         water:0x1063fbb60
- ** ---------- .> transport:   redis://localhost:6379/0
- ** ---------- .> results:     redis://localhost:6379/0
- *** --- * --- .> concurrency: 11 (prefork)
-- ******* ---- .> task events: OFF (enable -E to monitor tasks in this worker)
--- ***** ----- 
 -------------- [queues]
                .> celery           exchange=celery(direct) key=celery
                

[tasks]
  . startapp.tasks.arimaForecasting
  . startapp.tasks.linearRegression
  . startapp.tasks.randomForestRegression

[2025-03-09 18:35:29,847: INFO/MainProcess] Connected to redis://localhost:6379/0
[2025-03-09 18:35:29,852: INFO/MainProcess] mingle: searching for neighbors
[2025-03-09 18:35:30,871: INFO/MainProcess] mingle: all alone
[2025-03-09 18:35:30,924: INFO/MainProcess] celery@MacBook-Pro-de-Lina.local ready.

worker: Hitting Ctrl+C again will terminate all running tasks!

worker: Warm shutdown (MainProcess)
 
 -------------- celery@MacBook-Pro-van-Ines.local v5.4.0 (opalescent)
--- ***** ----- 
-- ******* ---- macOS-15.3.1-arm64-arm-64bit-Mach-O 2025-03-22 10:47:08
- *** --- * --- 
- ** ---------- [config]
- ** ---------- .> app:         water:0x106af38c0
- ** ---------- .> transport:   redis://localhost:6379/0
- ** ---------- .> results:     redis://localhost:6379/0
- *** --- * --- .> concurrency: 11 (prefork)
-- ******* ---- .> task events: OFF (enable -E to monitor tasks in this worker)
--- ***** ----- 
 -------------- [queues]
                .> celery           exchange=celery(direct) key=celery
                

[tasks]
  . startapp.tasks.arimaForecasting
  . startapp.tasks.linearRegression
  . startapp.tasks.randomForestRegression

[2025-03-22 10:47:09,659: INFO/MainProcess] Connected to redis://localhost:6379/0
[2025-03-22 10:47:09,662: INFO/MainProcess] mingle: searching for neighbors
[2025-03-22 10:47:10,673: INFO/MainProcess] mingle: all alone
[2025-03-22 10:47:10,699: INFO/MainProcess] celery@MacBook-Pro-van-Ines.local ready.
/root/.cache/pypoetry/virtualenvs/water-BkOBqICR-py3.13/lib/python3.13/site-packages/celery/platforms.py:829: SecurityWarning: You're running the worker with superuser privileges: this is
absolutely not recommended!

Please specify a different user using the --uid option.

User information: uid=0 euid=0 gid=0 egid=0

  warnings.warn(SecurityWarning(ROOT_DISCOURAGED.format(
 
 -------------- celery@docker-desktop v5.4.0 (opalescent)
--- ***** ----- 
-- ******* ---- Linux-5.15.167.4-microsoft-standard-WSL2-x86_64-with 2025-03-23 14:18:12
- *** --- * --- 
- ** ---------- [config]
- ** ---------- .> app:         water:0x7f0d445e0590
- ** ---------- .> transport:   redis://localhost:6379/0
- ** ---------- .> results:     redis://localhost:6379/0
- *** --- * --- .> concurrency: 12 (prefork)
-- ******* ---- .> task events: OFF (enable -E to monitor tasks in this worker)
--- ***** ----- 
 -------------- [queues]
                .> celery           exchange=celery(direct) key=celery
                

[tasks]
  . startapp.tasks.arimaForecasting
  . startapp.tasks.linearRegression
  . startapp.tasks.randomForestRegression

[2025-03-23 14:18:15,235: INFO/MainProcess] Connected to redis://localhost:6379/0
[2025-03-23 14:18:15,243: INFO/MainProcess] mingle: searching for neighbors
[2025-03-23 14:18:16,266: INFO/MainProcess] mingle: all alone
[2025-03-23 14:18:16,300: INFO/MainProcess] celery@docker-desktop ready.
/root/.cache/pypoetry/virtualenvs/water-BkOBqICR-py3.13/lib/python3.13/site-packages/celery/platforms.py:829: SecurityWarning: You're running the worker with superuser privileges: this is
absolutely not recommended!

Please specify a different user using the --uid option.

User information: uid=0 euid=0 gid=0 egid=0

  warnings.warn(SecurityWarning(ROOT_DISCOURAGED.format(
 
 -------------- celery@docker-desktop v5.4.0 (opalescent)
--- ***** ----- 
-- ******* ---- Linux-5.15.167.4-microsoft-standard-WSL2-x86_64-with 2025-03-23 14:18:28
- *** --- * --- 
- ** ---------- [config]
- ** ---------- .> app:         water:0x7f27fc5bb8c0
- ** ---------- .> transport:   redis://localhost:6379/0
- ** ---------- .> results:     redis://localhost:6379/0
- *** --- * --- .> concurrency: 12 (prefork)
-- ******* ---- .> task events: OFF (enable -E to monitor tasks in this worker)
--- ***** ----- 
 -------------- [queues]
                .> celery           exchange=celery(direct) key=celery
                

[tasks]
  . startapp.tasks.arimaForecasting
  . startapp.tasks.linearRegression
  . startapp.tasks.randomForestRegression

[2025-03-23 14:18:30,464: INFO/MainProcess] Connected to redis://localhost:6379/0
[2025-03-23 14:18:30,476: INFO/MainProcess] mingle: searching for neighbors
[2025-03-23 14:18:31,495: INFO/MainProcess] mingle: all alone
[2025-03-23 14:18:31,518: INFO/MainProcess] celery@docker-desktop ready.
/root/.cache/pypoetry/virtualenvs/water-BkOBqICR-py3.13/lib/python3.13/site-packages/celery/platforms.py:829: SecurityWarning: You're running the worker with superuser privileges: this is
absolutely not recommended!

Please specify a different user using the --uid option.

User information: uid=0 euid=0 gid=0 egid=0

  warnings.warn(SecurityWarning(ROOT_DISCOURAGED.format(
 
 -------------- celery@docker-desktop v5.4.0 (opalescent)
--- ***** ----- 
-- ******* ---- Linux-5.15.167.4-microsoft-standard-WSL2-x86_64-with 2025-03-23 14:20:03
- *** --- * --- 
- ** ---------- [config]
- ** ---------- .> app:         water:0x7fe8cba438c0
- ** ---------- .> transport:   redis://localhost:6379/0
- ** ---------- .> results:     redis://localhost:6379/0
- *** --- * --- .> concurrency: 12 (prefork)
-- ******* ---- .> task events: OFF (enable -E to monitor tasks in this worker)
--- ***** ----- 
 -------------- [queues]
                .> celery           exchange=celery(direct) key=celery
                

[tasks]
  . startapp.tasks.arimaForecasting
  . startapp.tasks.linearRegression
  . startapp.tasks.randomForestRegression

[2025-03-23 14:20:05,417: INFO/MainProcess] Connected to redis://localhost:6379/0
[2025-03-23 14:20:05,428: INFO/MainProcess] mingle: searching for neighbors
[2025-03-23 14:20:06,444: INFO/MainProcess] mingle: all alone
[2025-03-23 14:20:06,468: INFO/MainProcess] celery@docker-desktop ready.
/root/.cache/pypoetry/virtualenvs/water-BkOBqICR-py3.13/lib/python3.13/site-packages/celery/platforms.py:829: SecurityWarning: You're running the worker with superuser privileges: this is
absolutely not recommended!

Please specify a different user using the --uid option.

User information: uid=0 euid=0 gid=0 egid=0

  warnings.warn(SecurityWarning(ROOT_DISCOURAGED.format(
 
 -------------- celery@docker-desktop v5.4.0 (opalescent)
--- ***** ----- 
-- ******* ---- Linux-5.15.167.4-microsoft-standard-WSL2-x86_64-with 2025-03-23 14:20:58
- *** --- * --- 
- ** ---------- [config]
- ** ---------- .> app:         water:0x7f33e091b8c0
- ** ---------- .> transport:   redis://localhost:6379/0
- ** ---------- .> results:     redis://localhost:6379/0
- *** --- * --- .> concurrency: 12 (prefork)
-- ******* ---- .> task events: OFF (enable -E to monitor tasks in this worker)
--- ***** ----- 
 -------------- [queues]
                .> celery           exchange=celery(direct) key=celery
                

[tasks]
  . startapp.tasks.arimaForecasting
  . startapp.tasks.linearRegression
  . startapp.tasks.randomForestRegression

[2025-03-23 14:21:00,552: INFO/MainProcess] Connected to redis://localhost:6379/0
[2025-03-23 14:21:00,558: INFO/MainProcess] mingle: searching for neighbors
[2025-03-23 14:21:01,575: INFO/MainProcess] mingle: all alone
[2025-03-23 14:21:01,600: INFO/MainProcess] celery@docker-desktop ready.
/root/.cache/pypoetry/virtualenvs/water-BkOBqICR-py3.13/lib/python3.13/site-packages/celery/platforms.py:829: SecurityWarning: You're running the worker with superuser privileges: this is
absolutely not recommended!

Please specify a different user using the --uid option.

User information: uid=0 euid=0 gid=0 egid=0

  warnings.warn(SecurityWarning(ROOT_DISCOURAGED.format(
 
 -------------- celery@docker-desktop v5.4.0 (opalescent)
--- ***** ----- 
-- ******* ---- Linux-5.15.167.4-microsoft-standard-WSL2-x86_64-with 2025-03-23 14:23:09
- *** --- * --- 
- ** ---------- [config]
- ** ---------- .> app:         water:0x7f713fc6f8c0
- ** ---------- .> transport:   redis://localhost:6379/0
- ** ---------- .> results:     redis://localhost:6379/0
- *** --- * --- .> concurrency: 12 (prefork)
-- ******* ---- .> task events: OFF (enable -E to monitor tasks in this worker)
--- ***** ----- 
 -------------- [queues]
                .> celery           exchange=celery(direct) key=celery
                

[tasks]
  . startapp.tasks.arimaForecasting
  . startapp.tasks.linearRegression
  . startapp.tasks.randomForestRegression

[2025-03-23 14:23:11,141: INFO/MainProcess] Connected to redis://localhost:6379/0
[2025-03-23 14:23:11,147: INFO/MainProcess] mingle: searching for neighbors
[2025-03-23 14:23:12,172: INFO/MainProcess] mingle: all alone
[2025-03-23 14:23:12,198: INFO/MainProcess] celery@docker-desktop ready.
/root/.cache/pypoetry/virtualenvs/water-BkOBqICR-py3.13/lib/python3.13/site-packages/celery/platforms.py:829: SecurityWarning: You're running the worker with superuser privileges: this is
absolutely not recommended!

Please specify a different user using the --uid option.

User information: uid=0 euid=0 gid=0 egid=0

  warnings.warn(SecurityWarning(ROOT_DISCOURAGED.format(
 
 -------------- celery@docker-desktop v5.4.0 (opalescent)
--- ***** ----- 
-- ******* ---- Linux-5.15.167.4-microsoft-standard-WSL2-x86_64-with 2025-03-23 14:24:02
- *** --- * --- 
- ** ---------- [config]
- ** ---------- .> app:         water:0x7ff1ec4ab8c0
- ** ---------- .> transport:   redis://localhost:6379/0
- ** ---------- .> results:     redis://localhost:6379/0
- *** --- * --- .> concurrency: 12 (prefork)
-- ******* ---- .> task events: OFF (enable -E to monitor tasks in this worker)
--- ***** ----- 
 -------------- [queues]
                .> celery           exchange=celery(direct) key=celery
                

[tasks]
  . startapp.tasks.arimaForecasting
  . startapp.tasks.linearRegression
  . startapp.tasks.randomForestRegression

[2025-03-23 14:24:04,561: INFO/MainProcess] Connected to redis://localhost:6379/0
[2025-03-23 14:24:04,575: INFO/MainProcess] mingle: searching for neighbors
[2025-03-23 14:24:05,591: INFO/MainProcess] mingle: all alone
[2025-03-23 14:24:05,615: INFO/MainProcess] celery@docker-desktop ready.

worker: Hitting Ctrl+C again will terminate all running tasks!

worker: Warm shutdown (MainProcess)
/root/.cache/pypoetry/virtualenvs/water-BkOBqICR-py3.13/lib/python3.13/site-packages/celery/platforms.py:829: SecurityWarning: You're running the worker with superuser privileges: this is
absolutely not recommended!

Please specify a different user using the --uid option.

User information: uid=0 euid=0 gid=0 egid=0

  warnings.warn(SecurityWarning(ROOT_DISCOURAGED.format(
 
 -------------- celery@docker-desktop v5.4.0 (opalescent)
--- ***** ----- 
-- ******* ---- Linux-5.15.167.4-microsoft-standard-WSL2-x86_64-with 2025-03-23 14:25:46
- *** --- * --- 
- ** ---------- [config]
- ** ---------- .> app:         water:0x7f52c2e378c0
- ** ---------- .> transport:   redis://localhost:6379/0
- ** ---------- .> results:     redis://localhost:6379/0
- *** --- * --- .> concurrency: 12 (prefork)
-- ******* ---- .> task events: OFF (enable -E to monitor tasks in this worker)
--- ***** ----- 
 -------------- [queues]
                .> celery           exchange=celery(direct) key=celery
                

[tasks]
  . startapp.tasks.arimaForecasting
  . startapp.tasks.linearRegression
  . startapp.tasks.randomForestRegression

[2025-03-23 14:25:48,997: INFO/MainProcess] Connected to redis://localhost:6379/0
[2025-03-23 14:25:49,004: INFO/MainProcess] mingle: searching for neighbors
[2025-03-23 14:25:50,023: INFO/MainProcess] mingle: all alone
[2025-03-23 14:25:50,050: INFO/MainProcess] celery@docker-desktop ready.

worker: Hitting Ctrl+C again will terminate all running tasks!

worker: Warm shutdown (MainProcess)
/root/.cache/pypoetry/virtualenvs/water-BkOBqICR-py3.13/lib/python3.13/site-packages/celery/platforms.py:829: SecurityWarning: You're running the worker with superuser privileges: this is
absolutely not recommended!

Please specify a different user using the --uid option.

User information: uid=0 euid=0 gid=0 egid=0

  warnings.warn(SecurityWarning(ROOT_DISCOURAGED.format(
 
 -------------- celery@docker-desktop v5.4.0 (opalescent)
--- ***** ----- 
-- ******* ---- Linux-5.15.167.4-microsoft-standard-WSL2-x86_64-with 2025-03-23 14:26:07
- *** --- * --- 
- ** ---------- [config]
- ** ---------- .> app:         water:0x7efc07b778c0
- ** ---------- .> transport:   redis://localhost:6379/0
- ** ---------- .> results:     redis://localhost:6379/0
- *** --- * --- .> concurrency: 12 (prefork)
-- ******* ---- .> task events: OFF (enable -E to monitor tasks in this worker)
--- ***** ----- 
 -------------- [queues]
                .> celery           exchange=celery(direct) key=celery
                

[tasks]
  . startapp.tasks.arimaForecasting
  . startapp.tasks.linearRegression
  . startapp.tasks.randomForestRegression

[2025-03-23 14:26:09,522: INFO/MainProcess] Connected to redis://localhost:6379/0
[2025-03-23 14:26:09,535: INFO/MainProcess] mingle: searching for neighbors
[2025-03-23 14:26:10,555: INFO/MainProcess] mingle: all alone
[2025-03-23 14:26:10,580: INFO/MainProcess] celery@docker-desktop ready.

worker: Hitting Ctrl+C again will terminate all running tasks!

worker: Warm shutdown (MainProcess)
/root/.cache/pypoetry/virtualenvs/water-BkOBqICR-py3.13/lib/python3.13/site-packages/celery/platforms.py:829: SecurityWarning: You're running the worker with superuser privileges: this is
absolutely not recommended!

Please specify a different user using the --uid option.

User information: uid=0 euid=0 gid=0 egid=0

  warnings.warn(SecurityWarning(ROOT_DISCOURAGED.format(
 
 -------------- celery@docker-desktop v5.4.0 (opalescent)
--- ***** ----- 
-- ******* ---- Linux-5.15.167.4-microsoft-standard-WSL2-x86_64-with 2025-03-23 14:27:55
- *** --- * --- 
- ** ---------- [config]
- ** ---------- .> app:         water:0x7f7f4a3e38c0
- ** ---------- .> transport:   redis://localhost:6379/0
- ** ---------- .> results:     redis://localhost:6379/0
- *** --- * --- .> concurrency: 12 (prefork)
-- ******* ---- .> task events: OFF (enable -E to monitor tasks in this worker)
--- ***** ----- 
 -------------- [queues]
                .> celery           exchange=celery(direct) key=celery
                

[tasks]
  . startapp.tasks.arimaForecasting
  . startapp.tasks.linearRegression
  . startapp.tasks.randomForestRegression

[2025-03-23 14:27:57,232: INFO/MainProcess] Connected to redis://localhost:6379/0
[2025-03-23 14:27:57,244: INFO/MainProcess] mingle: searching for neighbors
[2025-03-23 14:27:58,260: INFO/MainProcess] mingle: all alone
[2025-03-23 14:27:58,290: INFO/MainProcess] celery@docker-desktop ready.

worker: Hitting Ctrl+C again will terminate all running tasks!

worker: Warm shutdown (MainProcess)
/root/.cache/pypoetry/virtualenvs/water-BkOBqICR-py3.13/lib/python3.13/site-packages/celery/platforms.py:829: SecurityWarning: You're running the worker with superuser privileges: this is
absolutely not recommended!

Please specify a different user using the --uid option.

User information: uid=0 euid=0 gid=0 egid=0

  warnings.warn(SecurityWarning(ROOT_DISCOURAGED.format(
 
 -------------- celery@docker-desktop v5.4.0 (opalescent)
--- ***** ----- 
-- ******* ---- Linux-5.15.167.4-microsoft-standard-WSL2-x86_64-with 2025-03-23 14:28:43
- *** --- * --- 
- ** ---------- [config]
- ** ---------- .> app:         water:0x7f9b4f46f8c0
- ** ---------- .> transport:   redis://localhost:6379/0
- ** ---------- .> results:     redis://localhost:6379/0
- *** --- * --- .> concurrency: 12 (prefork)
-- ******* ---- .> task events: OFF (enable -E to monitor tasks in this worker)
--- ***** ----- 
 -------------- [queues]
                .> celery           exchange=celery(direct) key=celery
                

[tasks]
  . startapp.tasks.arimaForecasting
  . startapp.tasks.linearRegression
  . startapp.tasks.randomForestRegression

[2025-03-23 14:28:45,673: INFO/MainProcess] Connected to redis://localhost:6379/0
[2025-03-23 14:28:45,680: INFO/MainProcess] mingle: searching for neighbors
[2025-03-23 14:28:46,697: INFO/MainProcess] mingle: all alone
[2025-03-23 14:28:46,728: INFO/MainProcess] celery@docker-desktop ready.

worker: Hitting Ctrl+C again will terminate all running tasks!

worker: Warm shutdown (MainProcess)
/root/.cache/pypoetry/virtualenvs/water-BkOBqICR-py3.13/lib/python3.13/site-packages/celery/platforms.py:829: SecurityWarning: You're running the worker with superuser privileges: this is
absolutely not recommended!

Please specify a different user using the --uid option.

User information: uid=0 euid=0 gid=0 egid=0

  warnings.warn(SecurityWarning(ROOT_DISCOURAGED.format(
 
 -------------- celery@docker-desktop v5.4.0 (opalescent)
--- ***** ----- 
-- ******* ---- Linux-5.15.167.4-microsoft-standard-WSL2-x86_64-with 2025-03-23 14:35:14
- *** --- * --- 
- ** ---------- [config]
- ** ---------- .> app:         water:0x7fcd3ee978c0
- ** ---------- .> transport:   redis://localhost:6379/0
- ** ---------- .> results:     redis://localhost:6379/0
- *** --- * --- .> concurrency: 12 (prefork)
-- ******* ---- .> task events: OFF (enable -E to monitor tasks in this worker)
--- ***** ----- 
 -------------- [queues]
                .> celery           exchange=celery(direct) key=celery
                

[tasks]
  . startapp.tasks.arimaForecasting
  . startapp.tasks.linearRegression
  . startapp.tasks.randomForestRegression

[2025-03-23 14:35:16,361: INFO/MainProcess] Connected to redis://localhost:6379/0
[2025-03-23 14:35:16,369: INFO/MainProcess] mingle: searching for neighbors
[2025-03-23 14:35:17,388: INFO/MainProcess] mingle: all alone
[2025-03-23 14:35:17,415: INFO/MainProcess] celery@docker-desktop ready.

worker: Hitting Ctrl+C again will terminate all running tasks!

worker: Warm shutdown (MainProcess)
/root/.cache/pypoetry/virtualenvs/water-BkOBqICR-py3.13/lib/python3.13/site-packages/celery/platforms.py:829: SecurityWarning: You're running the worker with superuser privileges: this is
absolutely not recommended!

Please specify a different user using the --uid option.

User information: uid=0 euid=0 gid=0 egid=0

  warnings.warn(SecurityWarning(ROOT_DISCOURAGED.format(
 
 -------------- celery@docker-desktop v5.4.0 (opalescent)
--- ***** ----- 
-- ******* ---- Linux-5.15.167.4-microsoft-standard-WSL2-x86_64-with 2025-03-23 14:39:13
- *** --- * --- 
- ** ---------- [config]
- ** ---------- .> app:         water:0x7fb14964f8c0
- ** ---------- .> transport:   redis://localhost:6379/0
- ** ---------- .> results:     redis://localhost:6379/0
- *** --- * --- .> concurrency: 12 (prefork)
-- ******* ---- .> task events: OFF (enable -E to monitor tasks in this worker)
--- ***** ----- 
 -------------- [queues]
                .> celery           exchange=celery(direct) key=celery
                

[tasks]
  . startapp.tasks.arimaForecasting
  . startapp.tasks.linearRegression
  . startapp.tasks.randomForestRegression

[2025-03-23 14:39:15,269: INFO/MainProcess] Connected to redis://localhost:6379/0
[2025-03-23 14:39:15,282: INFO/MainProcess] mingle: searching for neighbors
[2025-03-23 14:39:16,300: INFO/MainProcess] mingle: all alone
[2025-03-23 14:39:16,326: INFO/MainProcess] celery@docker-desktop ready.

worker: Hitting Ctrl+C again will terminate all running tasks!

worker: Warm shutdown (MainProcess)
/root/.cache/pypoetry/virtualenvs/water-BkOBqICR-py3.13/lib/python3.13/site-packages/celery/platforms.py:829: SecurityWarning: You're running the worker with superuser privileges: this is
absolutely not recommended!

Please specify a different user using the --uid option.

User information: uid=0 euid=0 gid=0 egid=0

  warnings.warn(SecurityWarning(ROOT_DISCOURAGED.format(
 
 -------------- celery@docker-desktop v5.4.0 (opalescent)
--- ***** ----- 
-- ******* ---- Linux-5.15.167.4-microsoft-standard-WSL2-x86_64-with 2025-03-23 14:49:33
- *** --- * --- 
- ** ---------- [config]
- ** ---------- .> app:         water:0x7f0f0779b8c0
- ** ---------- .> transport:   redis://localhost:6379/0
- ** ---------- .> results:     redis://localhost:6379/0
- *** --- * --- .> concurrency: 12 (prefork)
-- ******* ---- .> task events: OFF (enable -E to monitor tasks in this worker)
--- ***** ----- 
 -------------- [queues]
                .> celery           exchange=celery(direct) key=celery
                

[tasks]
  . startapp.tasks.arimaForecasting
  . startapp.tasks.linearRegression
  . startapp.tasks.randomForestRegression

[2025-03-23 14:49:35,952: INFO/MainProcess] Connected to redis://localhost:6379/0
[2025-03-23 14:49:35,963: INFO/MainProcess] mingle: searching for neighbors
[2025-03-23 14:49:36,979: INFO/MainProcess] mingle: all alone
[2025-03-23 14:49:37,003: INFO/MainProcess] celery@docker-desktop ready.

worker: Hitting Ctrl+C again will terminate all running tasks!

worker: Warm shutdown (MainProcess)
/root/.cache/pypoetry/virtualenvs/water-BkOBqICR-py3.13/lib/python3.13/site-packages/celery/platforms.py:829: SecurityWarning: You're running the worker with superuser privileges: this is
absolutely not recommended!

Please specify a different user using the --uid option.

User information: uid=0 euid=0 gid=0 egid=0

  warnings.warn(SecurityWarning(ROOT_DISCOURAGED.format(
 
 -------------- celery@docker-desktop v5.4.0 (opalescent)
--- ***** ----- 
-- ******* ---- Linux-5.15.167.4-microsoft-standard-WSL2-x86_64-with 2025-03-23 14:52:10
- *** --- * --- 
- ** ---------- [config]
- ** ---------- .> app:         water:0x7f2ad15078c0
- ** ---------- .> transport:   redis://localhost:6379/0
- ** ---------- .> results:     redis://localhost:6379/0
- *** --- * --- .> concurrency: 12 (prefork)
-- ******* ---- .> task events: OFF (enable -E to monitor tasks in this worker)
--- ***** ----- 
 -------------- [queues]
                .> celery           exchange=celery(direct) key=celery
                

[tasks]
  . startapp.tasks.arimaForecasting
  . startapp.tasks.linearRegression
  . startapp.tasks.randomForestRegression

[2025-03-23 14:52:12,800: INFO/MainProcess] Connected to redis://localhost:6379/0
[2025-03-23 14:52:12,812: INFO/MainProcess] mingle: searching for neighbors
[2025-03-23 14:52:13,832: INFO/MainProcess] mingle: all alone
[2025-03-23 14:52:13,865: INFO/MainProcess] celery@docker-desktop ready.

worker: Hitting Ctrl+C again will terminate all running tasks!

worker: Warm shutdown (MainProcess)
 
 -------------- celery@MacBook-Pro-de-Lina.local v5.4.0 (opalescent)
--- ***** ----- 
-- ******* ---- macOS-15.1.1-arm64-arm-64bit-Mach-O 2025-03-23 15:12:05
- *** --- * --- 
- ** ---------- [config]
- ** ---------- .> app:         water:0x107b47b60
- ** ---------- .> transport:   redis://localhost:6379/0
- ** ---------- .> results:     redis://localhost:6379/0
- *** --- * --- .> concurrency: 11 (prefork)
-- ******* ---- .> task events: OFF (enable -E to monitor tasks in this worker)
--- ***** ----- 
 -------------- [queues]
                .> celery           exchange=celery(direct) key=celery
                

[tasks]
  . startapp.tasks.arimaForecasting
  . startapp.tasks.linearRegression
  . startapp.tasks.randomForestRegression

[2025-03-23 15:12:06,734: INFO/MainProcess] Connected to redis://localhost:6379/0
[2025-03-23 15:12:06,749: INFO/MainProcess] mingle: searching for neighbors
[2025-03-23 15:12:07,772: INFO/MainProcess] mingle: all alone
[2025-03-23 15:12:07,806: INFO/MainProcess] celery@MacBook-Pro-de-Lina.local ready.

worker: Hitting Ctrl+C again will terminate all running tasks!

worker: Warm shutdown (MainProcess)
 
 -------------- celery@MacBook-Pro-de-Lina.local v5.4.0 (opalescent)
--- ***** ----- 
-- ******* ---- macOS-15.1.1-arm64-arm-64bit-Mach-O 2025-03-23 15:13:29
- *** --- * --- 
- ** ---------- [config]
- ** ---------- .> app:         water:0x102c4fb60
- ** ---------- .> transport:   redis://localhost:6379/0
- ** ---------- .> results:     redis://localhost:6379/0
- *** --- * --- .> concurrency: 11 (prefork)
-- ******* ---- .> task events: OFF (enable -E to monitor tasks in this worker)
--- ***** ----- 
 -------------- [queues]
                .> celery           exchange=celery(direct) key=celery
                

[tasks]
  . startapp.tasks.arimaForecasting
  . startapp.tasks.linearRegression
  . startapp.tasks.randomForestRegression

[2025-03-23 15:13:31,109: INFO/MainProcess] Connected to redis://localhost:6379/0
[2025-03-23 15:13:31,114: INFO/MainProcess] mingle: searching for neighbors
[2025-03-23 15:13:32,130: INFO/MainProcess] mingle: all alone
[2025-03-23 15:13:32,162: INFO/MainProcess] celery@MacBook-Pro-de-Lina.local ready.

worker: Hitting Ctrl+C again will terminate all running tasks!

worker: Warm shutdown (MainProcess)
 
 -------------- celery@MacBook-Pro-de-Lina.local v5.4.0 (opalescent)
--- ***** ----- 
-- ******* ---- macOS-15.1.1-arm64-arm-64bit-Mach-O 2025-03-23 15:15:56
- *** --- * --- 
- ** ---------- [config]
- ** ---------- .> app:         water:0x10560bb60
- ** ---------- .> transport:   redis://localhost:6379/0
- ** ---------- .> results:     redis://localhost:6379/0
- *** --- * --- .> concurrency: 11 (prefork)
-- ******* ---- .> task events: OFF (enable -E to monitor tasks in this worker)
--- ***** ----- 
 -------------- [queues]
                .> celery           exchange=celery(direct) key=celery
                

[tasks]
  . startapp.tasks.arimaForecasting
  . startapp.tasks.linearRegression
  . startapp.tasks.randomForestRegression

[2025-03-23 15:15:57,626: INFO/MainProcess] Connected to redis://localhost:6379/0
[2025-03-23 15:15:57,635: INFO/MainProcess] mingle: searching for neighbors
[2025-03-23 15:15:58,654: INFO/MainProcess] mingle: all alone
[2025-03-23 15:15:58,683: INFO/MainProcess] celery@MacBook-Pro-de-Lina.local ready.

worker: Hitting Ctrl+C again will terminate all running tasks!

worker: Warm shutdown (MainProcess)
 
 -------------- celery@MacBook-Pro-de-Lina.local v5.4.0 (opalescent)
--- ***** ----- 
-- ******* ---- macOS-15.1.1-arm64-arm-64bit-Mach-O 2025-03-23 15:17:34
- *** --- * --- 
- ** ---------- [config]
- ** ---------- .> app:         water:0x104e0bb60
- ** ---------- .> transport:   redis://localhost:6379/0
- ** ---------- .> results:     redis://localhost:6379/0
- *** --- * --- .> concurrency: 11 (prefork)
-- ******* ---- .> task events: OFF (enable -E to monitor tasks in this worker)
--- ***** ----- 
 -------------- [queues]
                .> celery           exchange=celery(direct) key=celery
                

[tasks]
  . startapp.tasks.arimaForecasting
  . startapp.tasks.linearRegression
  . startapp.tasks.randomForestRegression

[2025-03-23 15:17:35,702: INFO/MainProcess] Connected to redis://localhost:6379/0
[2025-03-23 15:17:35,707: INFO/MainProcess] mingle: searching for neighbors
[2025-03-23 15:17:36,720: INFO/MainProcess] mingle: all alone
[2025-03-23 15:17:36,749: INFO/MainProcess] celery@MacBook-Pro-de-Lina.local ready.

worker: Hitting Ctrl+C again will terminate all running tasks!

worker: Warm shutdown (MainProcess)
 
 -------------- celery@MacBook-Pro-de-Lina.local v5.4.0 (opalescent)
--- ***** ----- 
-- ******* ---- macOS-15.1.1-arm64-arm-64bit-Mach-O 2025-03-23 15:18:50
- *** --- * --- 
- ** ---------- [config]
- ** ---------- .> app:         water:0x104b0bb60
- ** ---------- .> transport:   redis://localhost:6379/0
- ** ---------- .> results:     redis://localhost:6379/0
- *** --- * --- .> concurrency: 11 (prefork)
-- ******* ---- .> task events: OFF (enable -E to monitor tasks in this worker)
--- ***** ----- 
 -------------- [queues]
                .> celery           exchange=celery(direct) key=celery
                

[tasks]
  . startapp.tasks.arimaForecasting
  . startapp.tasks.linearRegression
  . startapp.tasks.randomForestRegression

[2025-03-23 15:18:52,039: INFO/MainProcess] Connected to redis://localhost:6379/0
[2025-03-23 15:18:52,044: INFO/MainProcess] mingle: searching for neighbors
[2025-03-23 15:18:53,059: INFO/MainProcess] mingle: all alone
[2025-03-23 15:18:53,095: INFO/MainProcess] celery@MacBook-Pro-de-Lina.local ready.

worker: Hitting Ctrl+C again will terminate all running tasks!

worker: Warm shutdown (MainProcess)
 
 -------------- celery@MacBook-Pro-van-Ines.local v5.4.0 (opalescent)
--- ***** ----- 
-- ******* ---- macOS-15.3.1-arm64-arm-64bit-Mach-O 2025-03-25 20:45:07
- *** --- * --- 
- ** ---------- [config]
- ** ---------- .> app:         water:0x106c53cb0
- ** ---------- .> transport:   redis://localhost:6379/0
- ** ---------- .> results:     redis://localhost:6379/0
- *** --- * --- .> concurrency: 11 (prefork)
-- ******* ---- .> task events: OFF (enable -E to monitor tasks in this worker)
--- ***** ----- 
 -------------- [queues]
                .> celery           exchange=celery(direct) key=celery
                

[tasks]
  . startapp.tasks.arimaForecasting
  . startapp.tasks.linearRegression
  . startapp.tasks.randomForestRegression

[2025-03-25 20:45:08,510: INFO/MainProcess] Connected to redis://localhost:6379/0
[2025-03-25 20:45:08,513: INFO/MainProcess] mingle: searching for neighbors
[2025-03-25 20:45:09,525: INFO/MainProcess] mingle: all alone
[2025-03-25 20:45:09,548: INFO/MainProcess] celery@MacBook-Pro-van-Ines.local ready.

worker: Hitting Ctrl+C again will terminate all running tasks!

worker: Warm shutdown (MainProcess)
 
 -------------- celery@MacBook-Pro-van-Ines.local v5.4.0 (opalescent)
--- ***** ----- 
-- ******* ---- macOS-15.3.1-arm64-arm-64bit-Mach-O 2025-03-25 20:46:30
- *** --- * --- 
- ** ---------- [config]
- ** ---------- .> app:         water:0x10410fcb0
- ** ---------- .> transport:   redis://localhost:6379/0
- ** ---------- .> results:     redis://localhost:6379/0
- *** --- * --- .> concurrency: 11 (prefork)
-- ******* ---- .> task events: OFF (enable -E to monitor tasks in this worker)
--- ***** ----- 
 -------------- [queues]
                .> celery           exchange=celery(direct) key=celery
                

[tasks]
  . startapp.tasks.arimaForecasting
  . startapp.tasks.linearRegression
  . startapp.tasks.randomForestRegression

[2025-03-25 20:46:31,616: INFO/MainProcess] Connected to redis://localhost:6379/0
[2025-03-25 20:46:31,622: INFO/MainProcess] mingle: searching for neighbors
[2025-03-25 20:46:32,630: INFO/MainProcess] mingle: all alone
[2025-03-25 20:46:32,638: INFO/MainProcess] celery@MacBook-Pro-van-Ines.local ready.

worker: Hitting Ctrl+C again will terminate all running tasks!

worker: Warm shutdown (MainProcess)
 
 -------------- celery@MacBook-Pro-van-Ines.local v5.4.0 (opalescent)
--- ***** ----- 
-- ******* ---- macOS-15.3.1-arm64-arm-64bit-Mach-O 2025-03-26 07:34:00
- *** --- * --- 
- ** ---------- [config]
- ** ---------- .> app:         water:0x10520fcb0
- ** ---------- .> transport:   redis://localhost:6379/0
- ** ---------- .> results:     redis://localhost:6379/0
- *** --- * --- .> concurrency: 11 (prefork)
-- ******* ---- .> task events: OFF (enable -E to monitor tasks in this worker)
--- ***** ----- 
 -------------- [queues]
                .> celery           exchange=celery(direct) key=celery
                

[tasks]
  . startapp.tasks.arimaForecasting
  . startapp.tasks.linearRegression
  . startapp.tasks.randomForestRegression

[2025-03-26 07:34:01,085: INFO/MainProcess] Connected to redis://localhost:6379/0
[2025-03-26 07:34:01,088: INFO/MainProcess] mingle: searching for neighbors
[2025-03-26 07:34:02,100: INFO/MainProcess] mingle: all alone
[2025-03-26 07:34:02,119: INFO/MainProcess] celery@MacBook-Pro-van-Ines.local ready.
[2025-03-26 08:21:33,660: INFO/MainProcess] Task startapp.tasks.linearRegression[241c7e18-06ab-45a5-b2e6-cb72a230b4a6] received
[2025-03-26 08:21:35,042: WARNING/ForkPoolWorker-8] /Users/nessnos/PycharmProjects/infof308/startapp/tasks.py:38: SettingWithCopyWarning: 
A value is trying to be set on a copy of a slice from a DataFrame.
Try using .loc[row_indexer,col_indexer] = value instead

See the caveats in the documentation: https://pandas.pydata.org/pandas-docs/stable/user_guide/indexing.html#returning-a-view-versus-a-copy
  df_filtered['phenomenonTimeReferenceYear'] = pd.to_datetime(df_filtered['phenomenonTimeReferenceYear'], format='%Y')

[2025-03-26 08:21:35,044: WARNING/ForkPoolWorker-8] /Users/nessnos/PycharmProjects/infof308/startapp/tasks.py:39: SettingWithCopyWarning: 
A value is trying to be set on a copy of a slice from a DataFrame.
Try using .loc[row_indexer,col_indexer] = value instead

See the caveats in the documentation: https://pandas.pydata.org/pandas-docs/stable/user_guide/indexing.html#returning-a-view-versus-a-copy
  df_filtered['phenomenonTimeReferenceYear'] = df_filtered['phenomenonTimeReferenceYear'].dt.year

[2025-03-26 08:21:35,054: INFO/ForkPoolWorker-8] Task startapp.tasks.linearRegression[241c7e18-06ab-45a5-b2e6-cb72a230b4a6] succeeded in 1.3929275409900583s: {'country': 'Belgique', 'observedProperty': 'Ammonium', 'model': 'Régression Linéaire', 'parameters': {'fit_intercept': {'value': True, 'type': 'checkbox', 'label': 'Ajuster l\'interception'}}, 'series': [{'name': 'Données observées', 'type': 'scatter', 'data': [...]}, {'name': 'Droite de régression', 'type': 'line', 'data': [...]}, {'name': 'Prédictions futures', 'type': 'scatter', 'data': [...]}], 'metrics': {'r_squared': 0.6972260145000488, 'mean_absolute_error': 1.172635577370346, 'mean_squared_error': 1.4956344407757576, 'root_mean_squared_error': 1.2229613406709787}}
[2025-03-26 09:29:46,794: INFO/MainProcess] Task startapp.tasks.linearRegression[561b5535-4137-44bb-aa2e-a9a4dea5ca83] received
[2025-03-26 09:29:47,031: WARNING/ForkPoolWorker-8] /Users/nessnos/PycharmProjects/infof308/startapp/tasks.py:38: SettingWithCopyWarning: 
A value is trying to be set on a copy of a slice from a DataFrame.
Try using .loc[row_indexer,col_indexer] = value instead

See the caveats in the documentation: https://pandas.pydata.org/pandas-docs/stable/user_guide/indexing.html#returning-a-view-versus-a-copy
  df_filtered['phenomenonTimeReferenceYear'] = pd.to_datetime(df_filtered['phenomenonTimeReferenceYear'], format='%Y')

[2025-03-26 09:29:47,033: WARNING/ForkPoolWorker-8] /Users/nessnos/PycharmProjects/infof308/startapp/tasks.py:39: SettingWithCopyWarning: 
A value is trying to be set on a copy of a slice from a DataFrame.
Try using .loc[row_indexer,col_indexer] = value instead

See the caveats in the documentation: https://pandas.pydata.org/pandas-docs/stable/user_guide/indexing.html#returning-a-view-versus-a-copy
  df_filtered['phenomenonTimeReferenceYear'] = df_filtered['phenomenonTimeReferenceYear'].dt.year

[2025-03-26 09:29:47,044: INFO/ForkPoolWorker-8] Task startapp.tasks.linearRegression[561b5535-4137-44bb-aa2e-a9a4dea5ca83] succeeded in 0.24863287503831089s: {'country': 'Albanie', 'observedProperty': 'Alkalinity', 'model': 'Régression Linéaire', 'parameters': {'fit_intercept': {'value': True, 'type': 'checkbox', 'label': 'Ajuster l\'interception'}}, 'series': [{'name': 'Données observées', 'type': 'scatter', 'data': [...]}, {'name': 'Droite de régression', 'type': 'line', 'data': [...]}, {'name': 'Prédictions futures', 'type': 'scatter', 'data': [...]}], 'metrics': {'r_squared': 0.2636653037174145, 'mean_absolute_error': 61.4733031609192, 'mean_squared_error': 3787.489902907725, 'root_mean_squared_error': 61.542586092134}}
[2025-03-26 10:53:44,751: INFO/MainProcess] Task startapp.tasks.linearRegression[6eb43178-bdbf-4c03-9135-137724d66072] received
[2025-03-26 10:53:45,093: WARNING/ForkPoolWorker-8] /Users/nessnos/PycharmProjects/infof308/startapp/tasks.py:38: SettingWithCopyWarning: 
A value is trying to be set on a copy of a slice from a DataFrame.
Try using .loc[row_indexer,col_indexer] = value instead

See the caveats in the documentation: https://pandas.pydata.org/pandas-docs/stable/user_guide/indexing.html#returning-a-view-versus-a-copy
  df_filtered['phenomenonTimeReferenceYear'] = pd.to_datetime(df_filtered['phenomenonTimeReferenceYear'], format='%Y')

[2025-03-26 10:53:45,095: WARNING/ForkPoolWorker-8] /Users/nessnos/PycharmProjects/infof308/startapp/tasks.py:39: SettingWithCopyWarning: 
A value is trying to be set on a copy of a slice from a DataFrame.
Try using .loc[row_indexer,col_indexer] = value instead

See the caveats in the documentation: https://pandas.pydata.org/pandas-docs/stable/user_guide/indexing.html#returning-a-view-versus-a-copy
  df_filtered['phenomenonTimeReferenceYear'] = df_filtered['phenomenonTimeReferenceYear'].dt.year

[2025-03-26 10:53:45,108: INFO/ForkPoolWorker-8] Task startapp.tasks.linearRegression[6eb43178-bdbf-4c03-9135-137724d66072] succeeded in 0.35584195802221075s: {'country': 'Belgique', 'observedProperty': 'Ammonium', 'model': 'Régression Linéaire', 'parameters': {'fit_intercept': {'value': True, 'type': 'checkbox', 'label': 'Ajuster l\'interception'}}, 'series': [{'name': 'Données observées', 'type': 'scatter', 'data': [...]}, {'name': 'Droite de régression', 'type': 'line', 'data': [...]}, {'name': 'Prédictions futures', 'type': 'scatter', 'data': [...]}], 'metrics': {'r_squared': 0.6972260145000488, 'mean_absolute_error': 1.172635577370346, 'mean_squared_error': 1.4956344407757578, 'root_mean_squared_error': 1.2229613406709787}}
[2025-03-26 11:08:40,839: INFO/MainProcess] Task startapp.tasks.linearRegression[469337cc-c32d-43f6-920a-90419d4f1c4c] received
[2025-03-26 11:08:41,030: WARNING/ForkPoolWorker-8] /Users/nessnos/PycharmProjects/infof308/startapp/tasks.py:38: SettingWithCopyWarning: 
A value is trying to be set on a copy of a slice from a DataFrame.
Try using .loc[row_indexer,col_indexer] = value instead

See the caveats in the documentation: https://pandas.pydata.org/pandas-docs/stable/user_guide/indexing.html#returning-a-view-versus-a-copy
  df_filtered['phenomenonTimeReferenceYear'] = pd.to_datetime(df_filtered['phenomenonTimeReferenceYear'], format='%Y')

[2025-03-26 11:08:41,032: WARNING/ForkPoolWorker-8] /Users/nessnos/PycharmProjects/infof308/startapp/tasks.py:39: SettingWithCopyWarning: 
A value is trying to be set on a copy of a slice from a DataFrame.
Try using .loc[row_indexer,col_indexer] = value instead

See the caveats in the documentation: https://pandas.pydata.org/pandas-docs/stable/user_guide/indexing.html#returning-a-view-versus-a-copy
  df_filtered['phenomenonTimeReferenceYear'] = df_filtered['phenomenonTimeReferenceYear'].dt.year

[2025-03-26 11:08:41,042: INFO/ForkPoolWorker-8] Task startapp.tasks.linearRegression[469337cc-c32d-43f6-920a-90419d4f1c4c] succeeded in 0.20122333301696926s: {'country': 'Albanie', 'observedProperty': 'Alkalinity', 'model': 'Régression Linéaire', 'parameters': {'fit_intercept': {'value': True, 'type': 'checkbox', 'label': 'Ajuster l\'interception'}}, 'series': [{'name': 'Données observées', 'type': 'scatter', 'data': [...]}, {'name': 'Droite de régression', 'type': 'line', 'data': [...]}, {'name': 'Prédictions futures', 'type': 'scatter', 'data': [...]}], 'metrics': {'r_squared': 0.26366530371741437, 'mean_absolute_error': 61.4733031609192, 'mean_squared_error': 3787.489902907725, 'root_mean_squared_error': 61.542586092134}}

worker: Hitting Ctrl+C again will terminate all running tasks!

worker: Warm shutdown (MainProcess)
 
 -------------- celery@MacBook-Pro-van-Ines.local v5.4.0 (opalescent)
--- ***** ----- 
-- ******* ---- macOS-15.3.1-arm64-arm-64bit-Mach-O 2025-03-26 13:08:32
- *** --- * --- 
- ** ---------- [config]
- ** ---------- .> app:         water:0x103b0fcb0
- ** ---------- .> transport:   redis://localhost:6379/0
- ** ---------- .> results:     redis://localhost:6379/0
- *** --- * --- .> concurrency: 11 (prefork)
-- ******* ---- .> task events: OFF (enable -E to monitor tasks in this worker)
--- ***** ----- 
 -------------- [queues]
                .> celery           exchange=celery(direct) key=celery
                

[tasks]
  . startapp.tasks.arimaForecasting
  . startapp.tasks.linearRegression
  . startapp.tasks.randomForestRegression

[2025-03-26 13:08:33,536: INFO/MainProcess] Connected to redis://localhost:6379/0
[2025-03-26 13:08:33,538: INFO/MainProcess] mingle: searching for neighbors
[2025-03-26 13:08:34,549: INFO/MainProcess] mingle: all alone
[2025-03-26 13:08:34,575: INFO/MainProcess] celery@MacBook-Pro-van-Ines.local ready.

worker: Hitting Ctrl+C again will terminate all running tasks!

worker: Warm shutdown (MainProcess)
